<?xml version="1.0" encoding="UTF-8"?>
<testng-results skipped="0" failed="0" ignored="0" total="1" passed="1">
  <reporter-output>
  </reporter-output>
  <suite name="Default suite" duration-ms="20254" started-at="2022-10-20T22:51:42 IST" finished-at="2022-10-20T22:52:02 IST">
    <groups>
    </groups>
    <test name="Default test" duration-ms="20254" started-at="2022-10-20T22:51:42 IST" finished-at="2022-10-20T22:52:02 IST">
      <class name="com.example.demo.NewTest">
        <test-method status="PASS" signature="beforemethod()[pri:0, instance:com.example.demo.NewTest@2db7a79b]" name="beforemethod" is-config="true" duration-ms="11" started-at="2022-10-20T22:51:42 IST" finished-at="2022-10-20T22:51:42 IST">
          <reporter-output>
          </reporter-output>
        </test-method> <!-- beforemethod -->
        <test-method status="PASS" signature="ecommerce_test()[pri:0, instance:com.example.demo.NewTest@2db7a79b]" name="ecommerce_test" duration-ms="20115" started-at="2022-10-20T22:51:42 IST" finished-at="2022-10-20T22:52:02 IST">
          <reporter-output>
          </reporter-output>
        </test-method> <!-- ecommerce_test -->
      </class> <!-- com.example.demo.NewTest -->
    </test> <!-- Default test -->
  </suite> <!-- Default suite -->
</testng-results>
